1476541254|/index.php?id=contact|http://mysite.local/index.php?id=log
1476541257|/index.php?id=about|http://mysite.local/index.php?id=contact
1476541260|/index.php?id=log|http://mysite.local/index.php?id=about
1476550524|/index.php?id=log|http://mysite.local/index.php?id=about
1477204735|/|
1477204739|/index.php?id=gbook|http://mysite.local/
1477205023|/index.php?id=gbook|http://mysite.local/
1477205038|/index.php?id=gbook|http://mysite.local/index.php?id=gbook
1477401255|/|
1477401261|/index.php?id=gbook|http://mysite.local/
1477401291|/index.php?id=gbook|http://mysite.local/
1477401383|/index.php?id=gbook|http://mysite.local/
1477403303|/index.php?id=gbook|http://mysite.local/
1477403327|/index.php?id=gbook|http://mysite.local/
1477403477|/index.php?id=gbook|http://mysite.local/
1477403664|/index.php?id=gbook|http://mysite.local/
1477403690|/index.php?id=gbook|http://mysite.local/
1477404136|/index.php?id=gbook|http://mysite.local/
1477405999|/index.php?id=gbook|http://mysite.local/
1477483616|/index.php?id=gbook|http://mysite.local/
1477483620|/index.php?id=gbook&del=1|http://mysite.local/index.php?id=gbook
1477483630|/index.php?id=gbook&del=1|http://mysite.local/index.php?id=gbook&del=1
1477483643|/index.php?id=gbook&del=1|http://mysite.local/index.php?id=gbook&del=1
1477483652|/index.php?id=gbook&del=1|http://mysite.local/index.php?id=gbook&del=1
1477483655|/index.php?id=gbook&del=1&del=4|http://mysite.local/index.php?id=gbook&del=1
1477483657|/index.php?id=gbook&del=1&del=4&del=3|http://mysite.local/index.php?id=gbook&del=1&del=4
1477483658|/index.php?id=gbook&del=1&del=4&del=3&del=2|http://mysite.local/index.php?id=gbook&del=1&del=4&del=3
